<?xml version="1.0" encoding="UTF-8" ?>
<testsuite failures="0" time="254.079" errors="1" skipped="0" tests="3" name="Selenium.TestScenarios">
  <properties>
    <property name="java.runtime.name" value="Java(TM) SE Runtime Environment"/>
    <property name="sun.boot.library.path" value="/System/Library/Java/JavaVirtualMachines/1.6.0.jdk/Contents/Libraries"/>
    <property name="java.vm.version" value="20.51-b01-457"/>
    <property name="awt.nativeDoubleBuffering" value="true"/>
    <property name="gopherProxySet" value="false"/>
    <property name="mrj.build" value="11M4509"/>
    <property name="java.vm.vendor" value="Apple Inc."/>
    <property name="java.vendor.url" value="http://www.apple.com/"/>
    <property name="path.separator" value=":"/>
    <property name="java.vm.name" value="Java HotSpot(TM) 64-Bit Server VM"/>
    <property name="file.encoding.pkg" value="sun.io"/>
    <property name="user.country" value="US"/>
    <property name="sun.java.launcher" value="SUN_STANDARD"/>
    <property name="sun.os.patch.level" value="unknown"/>
    <property name="java.vm.specification.name" value="Java Virtual Machine Specification"/>
    <property name="user.dir" value="/Users/monitor/Documents/workspace/Suresh/Junit"/>
    <property name="java.runtime.version" value="1.6.0_51-b11-457-11M4509"/>
    <property name="java.awt.graphicsenv" value="apple.awt.CGraphicsEnvironment"/>
    <property name="basedir" value="/Users/monitor/Documents/workspace/Suresh/Junit"/>
    <property name="java.endorsed.dirs" value="/System/Library/Java/JavaVirtualMachines/1.6.0.jdk/Contents/Home/lib/endorsed"/>
    <property name="os.arch" value="x86_64"/>
    <property name="surefire.real.class.path" value="/Users/monitor/Documents/workspace/Suresh/Junit/target/surefire/surefirebooter6549569621297323754.jar"/>
    <property name="java.io.tmpdir" value="/var/folders/wc/6q7tfggj6qdcynh92m7w34940000gp/T/"/>
    <property name="line.separator" value="
"/>
    <property name="java.vm.specification.vendor" value="Sun Microsystems Inc."/>
    <property name="os.name" value="Mac OS X"/>
    <property name="sun.jnu.encoding" value="MacRoman"/>
    <property name="java.library.path" value=".:/Library/Java/Extensions:/System/Library/Java/Extensions:/usr/lib/java"/>
    <property name="surefire.test.class.path" value="/Users/monitor/Documents/workspace/Suresh/Junit/target/test-classes:/Users/monitor/Documents/workspace/Suresh/Junit/target/classes:/Volumes/C/3.3_4000/phresco-framework/bin/../workspace/repo/org/seleniumhq/selenium/selenium-java/2.40.0/selenium-java-2.40.0.jar:/Volumes/C/3.3_4000/phresco-framework/bin/../workspace/repo/org/seleniumhq/selenium/selenium-chrome-driver/2.40.0/selenium-chrome-driver-2.40.0.jar:/Volumes/C/3.3_4000/phresco-framework/bin/../workspace/repo/org/seleniumhq/selenium/selenium-remote-driver/2.40.0/selenium-remote-driver-2.40.0.jar:/Volumes/C/3.3_4000/phresco-framework/bin/../workspace/repo/cglib/cglib-nodep/2.1_3/cglib-nodep-2.1_3.jar:/Volumes/C/3.3_4000/phresco-framework/bin/../workspace/repo/org/json/json/20080701/json-20080701.jar:/Volumes/C/3.3_4000/phresco-framework/bin/../workspace/repo/com/google/guava/guava/15.0/guava-15.0.jar:/Volumes/C/3.3_4000/phresco-framework/bin/../workspace/repo/org/seleniumhq/selenium/selenium-htmlunit-driver/2.40.0/selenium-htmlunit-driver-2.40.0.jar:/Volumes/C/3.3_4000/phresco-framework/bin/../workspace/repo/net/sourceforge/htmlunit/htmlunit/2.13/htmlunit-2.13.jar:/Volumes/C/3.3_4000/phresco-framework/bin/../workspace/repo/xalan/xalan/2.7.1/xalan-2.7.1.jar:/Volumes/C/3.3_4000/phresco-framework/bin/../workspace/repo/xalan/serializer/2.7.1/serializer-2.7.1.jar:/Volumes/C/3.3_4000/phresco-framework/bin/../workspace/repo/commons-collections/commons-collections/3.2.1/commons-collections-3.2.1.jar:/Volumes/C/3.3_4000/phresco-framework/bin/../workspace/repo/org/apache/commons/commons-lang3/3.1/commons-lang3-3.1.jar:/Volumes/C/3.3_4000/phresco-framework/bin/../workspace/repo/org/apache/httpcomponents/httpmime/4.3.1/httpmime-4.3.1.jar:/Volumes/C/3.3_4000/phresco-framework/bin/../workspace/repo/commons-codec/commons-codec/1.8/commons-codec-1.8.jar:/Volumes/C/3.3_4000/phresco-framework/bin/../workspace/repo/net/sourceforge/htmlunit/htmlunit-core-js/2.13/htmlunit-core-js-2.13.jar:/Volumes/C/3.3_4000/phresco-framework/bin/../workspace/repo/xerces/xercesImpl/2.11.0/xercesImpl-2.11.0.jar:/Volumes/C/3.3_4000/phresco-framework/bin/../workspace/repo/xml-apis/xml-apis/1.4.01/xml-apis-1.4.01.jar:/Volumes/C/3.3_4000/phresco-framework/bin/../workspace/repo/net/sourceforge/nekohtml/nekohtml/1.9.19/nekohtml-1.9.19.jar:/Volumes/C/3.3_4000/phresco-framework/bin/../workspace/repo/net/sourceforge/cssparser/cssparser/0.9.11/cssparser-0.9.11.jar:/Volumes/C/3.3_4000/phresco-framework/bin/../workspace/repo/org/w3c/css/sac/1.3/sac-1.3.jar:/Volumes/C/3.3_4000/phresco-framework/bin/../workspace/repo/commons-logging/commons-logging/1.1.3/commons-logging-1.1.3.jar:/Volumes/C/3.3_4000/phresco-framework/bin/../workspace/repo/org/eclipse/jetty/jetty-websocket/8.1.12.v20130726/jetty-websocket-8.1.12.v20130726.jar:/Volumes/C/3.3_4000/phresco-framework/bin/../workspace/repo/org/eclipse/jetty/jetty-util/8.1.12.v20130726/jetty-util-8.1.12.v20130726.jar:/Volumes/C/3.3_4000/phresco-framework/bin/../workspace/repo/org/eclipse/jetty/jetty-io/8.1.12.v20130726/jetty-io-8.1.12.v20130726.jar:/Volumes/C/3.3_4000/phresco-framework/bin/../workspace/repo/org/eclipse/jetty/jetty-http/8.1.12.v20130726/jetty-http-8.1.12.v20130726.jar:/Volumes/C/3.3_4000/phresco-framework/bin/../workspace/repo/org/apache/httpcomponents/httpclient/4.3.1/httpclient-4.3.1.jar:/Volumes/C/3.3_4000/phresco-framework/bin/../workspace/repo/org/apache/httpcomponents/httpcore/4.3/httpcore-4.3.jar:/Volumes/C/3.3_4000/phresco-framework/bin/../workspace/repo/org/seleniumhq/selenium/selenium-firefox-driver/2.40.0/selenium-firefox-driver-2.40.0.jar:/Volumes/C/3.3_4000/phresco-framework/bin/../workspace/repo/commons-io/commons-io/2.2/commons-io-2.2.jar:/Volumes/C/3.3_4000/phresco-framework/bin/../workspace/repo/org/apache/commons/commons-exec/1.1/commons-exec-1.1.jar:/Volumes/C/3.3_4000/phresco-framework/bin/../workspace/repo/org/seleniumhq/selenium/selenium-ie-driver/2.40.0/selenium-ie-driver-2.40.0.jar:/Volumes/C/3.3_4000/phresco-framework/bin/../workspace/repo/net/java/dev/jna/jna/3.4.0/jna-3.4.0.jar:/Volumes/C/3.3_4000/phresco-framework/bin/../workspace/repo/net/java/dev/jna/platform/3.4.0/platform-3.4.0.jar:/Volumes/C/3.3_4000/phresco-framework/bin/../workspace/repo/org/seleniumhq/selenium/selenium-safari-driver/2.40.0/selenium-safari-driver-2.40.0.jar:/Volumes/C/3.3_4000/phresco-framework/bin/../workspace/repo/org/seleniumhq/selenium/selenium-support/2.40.0/selenium-support-2.40.0.jar:/Volumes/C/3.3_4000/phresco-framework/bin/../workspace/repo/org/seleniumhq/selenium/selenium-api/2.40.0/selenium-api-2.40.0.jar:/Volumes/C/3.3_4000/phresco-framework/bin/../workspace/repo/org/webbitserver/webbit/0.4.14/webbit-0.4.14.jar:/Volumes/C/3.3_4000/phresco-framework/bin/../workspace/repo/io/netty/netty/3.5.2.Final/netty-3.5.2.Final.jar:/Volumes/C/3.3_4000/phresco-framework/bin/../workspace/repo/junit/junit/4.11/junit-4.11.jar:/Volumes/C/3.3_4000/phresco-framework/bin/../workspace/repo/org/hamcrest/hamcrest-core/1.3/hamcrest-core-1.3.jar:"/>
    <property name="java.specification.name" value="Java Platform API Specification"/>
    <property name="java.class.version" value="50.0"/>
    <property name="sun.management.compiler" value="HotSpot 64-Bit Tiered Compilers"/>
    <property name="os.version" value="10.7.5"/>
    <property name="http.nonProxyHosts" value="local|*.local|169.254/16|*.169.254/16"/>
    <property name="user.home" value="/Users/monitor"/>
    <property name="user.timezone" value="Africa/Dar_es_Salaam"/>
    <property name="java.awt.printerjob" value="apple.awt.CPrinterJob"/>
    <property name="java.specification.version" value="1.6"/>
    <property name="file.encoding" value="MacRoman"/>
    <property name="user.name" value="monitor"/>
    <property name="java.class.path" value="/Users/monitor/Documents/workspace/Suresh/Junit/target/test-classes:/Users/monitor/Documents/workspace/Suresh/Junit/target/classes:/Volumes/C/3.3_4000/phresco-framework/bin/../workspace/repo/org/seleniumhq/selenium/selenium-java/2.40.0/selenium-java-2.40.0.jar:/Volumes/C/3.3_4000/phresco-framework/bin/../workspace/repo/org/seleniumhq/selenium/selenium-chrome-driver/2.40.0/selenium-chrome-driver-2.40.0.jar:/Volumes/C/3.3_4000/phresco-framework/bin/../workspace/repo/org/seleniumhq/selenium/selenium-remote-driver/2.40.0/selenium-remote-driver-2.40.0.jar:/Volumes/C/3.3_4000/phresco-framework/bin/../workspace/repo/cglib/cglib-nodep/2.1_3/cglib-nodep-2.1_3.jar:/Volumes/C/3.3_4000/phresco-framework/bin/../workspace/repo/org/json/json/20080701/json-20080701.jar:/Volumes/C/3.3_4000/phresco-framework/bin/../workspace/repo/com/google/guava/guava/15.0/guava-15.0.jar:/Volumes/C/3.3_4000/phresco-framework/bin/../workspace/repo/org/seleniumhq/selenium/selenium-htmlunit-driver/2.40.0/selenium-htmlunit-driver-2.40.0.jar:/Volumes/C/3.3_4000/phresco-framework/bin/../workspace/repo/net/sourceforge/htmlunit/htmlunit/2.13/htmlunit-2.13.jar:/Volumes/C/3.3_4000/phresco-framework/bin/../workspace/repo/xalan/xalan/2.7.1/xalan-2.7.1.jar:/Volumes/C/3.3_4000/phresco-framework/bin/../workspace/repo/xalan/serializer/2.7.1/serializer-2.7.1.jar:/Volumes/C/3.3_4000/phresco-framework/bin/../workspace/repo/commons-collections/commons-collections/3.2.1/commons-collections-3.2.1.jar:/Volumes/C/3.3_4000/phresco-framework/bin/../workspace/repo/org/apache/commons/commons-lang3/3.1/commons-lang3-3.1.jar:/Volumes/C/3.3_4000/phresco-framework/bin/../workspace/repo/org/apache/httpcomponents/httpmime/4.3.1/httpmime-4.3.1.jar:/Volumes/C/3.3_4000/phresco-framework/bin/../workspace/repo/commons-codec/commons-codec/1.8/commons-codec-1.8.jar:/Volumes/C/3.3_4000/phresco-framework/bin/../workspace/repo/net/sourceforge/htmlunit/htmlunit-core-js/2.13/htmlunit-core-js-2.13.jar:/Volumes/C/3.3_4000/phresco-framework/bin/../workspace/repo/xerces/xercesImpl/2.11.0/xercesImpl-2.11.0.jar:/Volumes/C/3.3_4000/phresco-framework/bin/../workspace/repo/xml-apis/xml-apis/1.4.01/xml-apis-1.4.01.jar:/Volumes/C/3.3_4000/phresco-framework/bin/../workspace/repo/net/sourceforge/nekohtml/nekohtml/1.9.19/nekohtml-1.9.19.jar:/Volumes/C/3.3_4000/phresco-framework/bin/../workspace/repo/net/sourceforge/cssparser/cssparser/0.9.11/cssparser-0.9.11.jar:/Volumes/C/3.3_4000/phresco-framework/bin/../workspace/repo/org/w3c/css/sac/1.3/sac-1.3.jar:/Volumes/C/3.3_4000/phresco-framework/bin/../workspace/repo/commons-logging/commons-logging/1.1.3/commons-logging-1.1.3.jar:/Volumes/C/3.3_4000/phresco-framework/bin/../workspace/repo/org/eclipse/jetty/jetty-websocket/8.1.12.v20130726/jetty-websocket-8.1.12.v20130726.jar:/Volumes/C/3.3_4000/phresco-framework/bin/../workspace/repo/org/eclipse/jetty/jetty-util/8.1.12.v20130726/jetty-util-8.1.12.v20130726.jar:/Volumes/C/3.3_4000/phresco-framework/bin/../workspace/repo/org/eclipse/jetty/jetty-io/8.1.12.v20130726/jetty-io-8.1.12.v20130726.jar:/Volumes/C/3.3_4000/phresco-framework/bin/../workspace/repo/org/eclipse/jetty/jetty-http/8.1.12.v20130726/jetty-http-8.1.12.v20130726.jar:/Volumes/C/3.3_4000/phresco-framework/bin/../workspace/repo/org/apache/httpcomponents/httpclient/4.3.1/httpclient-4.3.1.jar:/Volumes/C/3.3_4000/phresco-framework/bin/../workspace/repo/org/apache/httpcomponents/httpcore/4.3/httpcore-4.3.jar:/Volumes/C/3.3_4000/phresco-framework/bin/../workspace/repo/org/seleniumhq/selenium/selenium-firefox-driver/2.40.0/selenium-firefox-driver-2.40.0.jar:/Volumes/C/3.3_4000/phresco-framework/bin/../workspace/repo/commons-io/commons-io/2.2/commons-io-2.2.jar:/Volumes/C/3.3_4000/phresco-framework/bin/../workspace/repo/org/apache/commons/commons-exec/1.1/commons-exec-1.1.jar:/Volumes/C/3.3_4000/phresco-framework/bin/../workspace/repo/org/seleniumhq/selenium/selenium-ie-driver/2.40.0/selenium-ie-driver-2.40.0.jar:/Volumes/C/3.3_4000/phresco-framework/bin/../workspace/repo/net/java/dev/jna/jna/3.4.0/jna-3.4.0.jar:/Volumes/C/3.3_4000/phresco-framework/bin/../workspace/repo/net/java/dev/jna/platform/3.4.0/platform-3.4.0.jar:/Volumes/C/3.3_4000/phresco-framework/bin/../workspace/repo/org/seleniumhq/selenium/selenium-safari-driver/2.40.0/selenium-safari-driver-2.40.0.jar:/Volumes/C/3.3_4000/phresco-framework/bin/../workspace/repo/org/seleniumhq/selenium/selenium-support/2.40.0/selenium-support-2.40.0.jar:/Volumes/C/3.3_4000/phresco-framework/bin/../workspace/repo/org/seleniumhq/selenium/selenium-api/2.40.0/selenium-api-2.40.0.jar:/Volumes/C/3.3_4000/phresco-framework/bin/../workspace/repo/org/webbitserver/webbit/0.4.14/webbit-0.4.14.jar:/Volumes/C/3.3_4000/phresco-framework/bin/../workspace/repo/io/netty/netty/3.5.2.Final/netty-3.5.2.Final.jar:/Volumes/C/3.3_4000/phresco-framework/bin/../workspace/repo/junit/junit/4.11/junit-4.11.jar:/Volumes/C/3.3_4000/phresco-framework/bin/../workspace/repo/org/hamcrest/hamcrest-core/1.3/hamcrest-core-1.3.jar:"/>
    <property name="java.vm.specification.version" value="1.0"/>
    <property name="sun.arch.data.model" value="64"/>
    <property name="java.home" value="/System/Library/Java/JavaVirtualMachines/1.6.0.jdk/Contents/Home"/>
    <property name="sun.java.command" value="/Users/monitor/Documents/workspace/Suresh/Junit/target/surefire/surefirebooter6549569621297323754.jar /Users/monitor/Documents/workspace/Suresh/Junit/target/surefire/surefire5610773478473876920tmp /Users/monitor/Documents/workspace/Suresh/Junit/target/surefire/surefire5761178992994672580tmp"/>
    <property name="java.specification.vendor" value="Sun Microsystems Inc."/>
    <property name="user.language" value="en"/>
    <property name="awt.toolkit" value="apple.awt.CToolkit"/>
    <property name="java.vm.info" value="mixed mode"/>
    <property name="java.version" value="1.6.0_51"/>
    <property name="java.ext.dirs" value="/Library/Java/Extensions:/System/Library/Java/Extensions:/System/Library/Java/JavaVirtualMachines/1.6.0.jdk/Contents/Home/lib/ext"/>
    <property name="sun.boot.class.path" value="/System/Library/Java/JavaVirtualMachines/1.6.0.jdk/Contents/Classes/jsfd.jar:/System/Library/Java/JavaVirtualMachines/1.6.0.jdk/Contents/Classes/classes.jar:/System/Library/Frameworks/JavaVM.framework/Frameworks/JavaRuntimeSupport.framework/Resources/Java/JavaRuntimeSupport.jar:/System/Library/Java/JavaVirtualMachines/1.6.0.jdk/Contents/Classes/ui.jar:/System/Library/Java/JavaVirtualMachines/1.6.0.jdk/Contents/Classes/laf.jar:/System/Library/Java/JavaVirtualMachines/1.6.0.jdk/Contents/Classes/sunrsasign.jar:/System/Library/Java/JavaVirtualMachines/1.6.0.jdk/Contents/Classes/jsse.jar:/System/Library/Java/JavaVirtualMachines/1.6.0.jdk/Contents/Classes/jce.jar:/System/Library/Java/JavaVirtualMachines/1.6.0.jdk/Contents/Classes/charsets.jar"/>
    <property name="java.vendor" value="Apple Inc."/>
    <property name="localRepository" value="/Volumes/C/3.3_4000/phresco-framework/bin/../workspace/repo"/>
    <property name="file.separator" value="/"/>
    <property name="java.vendor.url.bug" value="http://bugreport.apple.com/"/>
    <property name="sun.cpu.endian" value="little"/>
    <property name="sun.io.unicode.encoding" value="UnicodeLittle"/>
    <property name="mrj.version" value="1070.1.6.0_51-457"/>
    <property name="socksNonProxyHosts" value="local|*.local|169.254/16|*.169.254/16"/>
    <property name="ftp.nonProxyHosts" value="local|*.local|169.254/16|*.169.254/16"/>
    <property name="sun.cpu.isalist" value=""/>
  </properties>
  <testcase time="76.481" classname="Selenium.TestScenarios" name="test1"/>
  <testcase time="62.135" classname="Selenium.TestScenarios" name="test2">
    <error message="Element is not currently visible and so may not be interacted with
Command duration or timeout: 15 milliseconds
Build info: version: &apos;2.40.0&apos;, revision: &apos;4c5c0568b004f67810ee41c459549aa4b09c651e&apos;, time: &apos;2014-02-19 11:13:01&apos;
System info: host: &apos;Administrators-Mac-mini-52.local&apos;, ip: &apos;172.16.23.26&apos;, os.name: &apos;Mac OS X&apos;, os.arch: &apos;x86_64&apos;, os.version: &apos;10.7.5&apos;, java.version: &apos;1.6.0_51&apos;
Session ID: a5a22b92-8f59-734d-b740-97c9fc36aa18
Driver info: org.openqa.selenium.firefox.FirefoxDriver
Capabilities [{platform=MAC, acceptSslCerts=true, javascriptEnabled=true, browserName=firefox, rotatable=false, locationContextEnabled=true, version=27.0.1, cssSelectorsEnabled=true, databaseEnabled=true, handlesAlerts=true, browserConnectionEnabled=true, nativeEvents=false, webStorageEnabled=true, applicationCacheEnabled=true, takesScreenshot=true}]" type="org.openqa.selenium.ElementNotVisibleException">org.openqa.selenium.ElementNotVisibleException: Element is not currently visible and so may not be interacted with
Command duration or timeout: 15 milliseconds
Build info: version: &apos;2.40.0&apos;, revision: &apos;4c5c0568b004f67810ee41c459549aa4b09c651e&apos;, time: &apos;2014-02-19 11:13:01&apos;
System info: host: &apos;Administrators-Mac-mini-52.local&apos;, ip: &apos;172.16.23.26&apos;, os.name: &apos;Mac OS X&apos;, os.arch: &apos;x86_64&apos;, os.version: &apos;10.7.5&apos;, java.version: &apos;1.6.0_51&apos;
Session ID: a5a22b92-8f59-734d-b740-97c9fc36aa18
Driver info: org.openqa.selenium.firefox.FirefoxDriver
Capabilities [{platform=MAC, acceptSslCerts=true, javascriptEnabled=true, browserName=firefox, rotatable=false, locationContextEnabled=true, version=27.0.1, cssSelectorsEnabled=true, databaseEnabled=true, handlesAlerts=true, browserConnectionEnabled=true, nativeEvents=false, webStorageEnabled=true, applicationCacheEnabled=true, takesScreenshot=true}]
	at sun.reflect.NativeConstructorAccessorImpl.newInstance0(Native Method)
	at sun.reflect.NativeConstructorAccessorImpl.newInstance(NativeConstructorAccessorImpl.java:39)
	at sun.reflect.DelegatingConstructorAccessorImpl.newInstance(DelegatingConstructorAccessorImpl.java:27)
	at java.lang.reflect.Constructor.newInstance(Constructor.java:513)
	at org.openqa.selenium.remote.ErrorHandler.createThrowable(ErrorHandler.java:193)
	at org.openqa.selenium.remote.ErrorHandler.throwIfResponseFailed(ErrorHandler.java:145)
	at org.openqa.selenium.remote.RemoteWebDriver.execute(RemoteWebDriver.java:573)
	at org.openqa.selenium.remote.RemoteWebElement.execute(RemoteWebElement.java:268)
	at org.openqa.selenium.remote.RemoteWebElement.click(RemoteWebElement.java:79)
	at Selenium.TestScenarios.test2(TestScenarios.java:52)
	at sun.reflect.NativeMethodAccessorImpl.invoke0(Native Method)
	at sun.reflect.NativeMethodAccessorImpl.invoke(NativeMethodAccessorImpl.java:39)
	at sun.reflect.DelegatingMethodAccessorImpl.invoke(DelegatingMethodAccessorImpl.java:25)
	at java.lang.reflect.Method.invoke(Method.java:597)
	at org.junit.runners.model.FrameworkMethod$1.runReflectiveCall(FrameworkMethod.java:47)
	at org.junit.internal.runners.model.ReflectiveCallable.run(ReflectiveCallable.java:12)
	at org.junit.runners.model.FrameworkMethod.invokeExplosively(FrameworkMethod.java:44)
	at org.junit.internal.runners.statements.InvokeMethod.evaluate(InvokeMethod.java:17)
	at org.junit.internal.runners.statements.RunBefores.evaluate(RunBefores.java:26)
	at org.junit.internal.runners.statements.RunAfters.evaluate(RunAfters.java:27)
	at org.junit.runners.ParentRunner.runLeaf(ParentRunner.java:271)
	at org.junit.runners.BlockJUnit4ClassRunner.runChild(BlockJUnit4ClassRunner.java:70)
	at org.junit.runners.BlockJUnit4ClassRunner.runChild(BlockJUnit4ClassRunner.java:50)
	at org.junit.runners.ParentRunner$3.run(ParentRunner.java:238)
	at org.junit.runners.ParentRunner$1.schedule(ParentRunner.java:63)
	at org.junit.runners.ParentRunner.runChildren(ParentRunner.java:236)
	at org.junit.runners.ParentRunner.access$000(ParentRunner.java:53)
	at org.junit.runners.ParentRunner$2.evaluate(ParentRunner.java:229)
	at org.junit.runners.ParentRunner.run(ParentRunner.java:309)
	at org.apache.maven.surefire.junit4.JUnit4TestSet.execute(JUnit4TestSet.java:35)
	at org.apache.maven.surefire.junit4.JUnit4Provider.executeTestSet(JUnit4Provider.java:115)
	at org.apache.maven.surefire.junit4.JUnit4Provider.invoke(JUnit4Provider.java:97)
	at sun.reflect.NativeMethodAccessorImpl.invoke0(Native Method)
	at sun.reflect.NativeMethodAccessorImpl.invoke(NativeMethodAccessorImpl.java:39)
	at sun.reflect.DelegatingMethodAccessorImpl.invoke(DelegatingMethodAccessorImpl.java:25)
	at java.lang.reflect.Method.invoke(Method.java:597)
	at org.apache.maven.surefire.booter.ProviderFactory$ClassLoaderProxy.invoke(ProviderFactory.java:103)
	at com.sun.proxy.$Proxy0.invoke(Unknown Source)
	at org.apache.maven.surefire.booter.SurefireStarter.invokeProvider(SurefireStarter.java:150)
	at org.apache.maven.surefire.booter.SurefireStarter.runSuitesInProcess(SurefireStarter.java:91)
	at org.apache.maven.surefire.booter.ForkedBooter.main(ForkedBooter.java:69)
Caused by: org.openqa.selenium.remote.ErrorHandler$UnknownServerException: Element is not currently visible and so may not be interacted with
Build info: version: &apos;2.40.0&apos;, revision: &apos;4c5c0568b004f67810ee41c459549aa4b09c651e&apos;, time: &apos;2014-02-19 11:13:01&apos;
System info: host: &apos;Administrators-Mac-mini-52.local&apos;, ip: &apos;172.16.23.26&apos;, os.name: &apos;Mac OS X&apos;, os.arch: &apos;x86_64&apos;, os.version: &apos;10.7.5&apos;, java.version: &apos;1.6.0_51&apos;
Driver info: driver.version: unknown
	at &lt;anonymous class&gt;.fxdriver.preconditions.visible(file:///var/folders/wc/6q7tfggj6qdcynh92m7w34940000gp/T/anonymous7465156543659254392webdriver-profile/extensions/fxdriver@googlecode.com/components/command_processor.js:8225)
	at &lt;anonymous class&gt;.DelayedCommand.prototype.checkPreconditions_(file:///var/folders/wc/6q7tfggj6qdcynh92m7w34940000gp/T/anonymous7465156543659254392webdriver-profile/extensions/fxdriver@googlecode.com/components/command_processor.js:10861)
	at &lt;anonymous class&gt;.DelayedCommand.prototype.executeInternal_/h(file:///var/folders/wc/6q7tfggj6qdcynh92m7w34940000gp/T/anonymous7465156543659254392webdriver-profile/extensions/fxdriver@googlecode.com/components/command_processor.js:10878)
	at &lt;anonymous class&gt;.DelayedCommand.prototype.executeInternal_(file:///var/folders/wc/6q7tfggj6qdcynh92m7w34940000gp/T/anonymous7465156543659254392webdriver-profile/extensions/fxdriver@googlecode.com/components/command_processor.js:10883)
	at &lt;anonymous class&gt;.DelayedCommand.prototype.execute/&lt;(file:///var/folders/wc/6q7tfggj6qdcynh92m7w34940000gp/T/anonymous7465156543659254392webdriver-profile/extensions/fxdriver@googlecode.com/components/command_processor.js:10825)
</error>
    <system-err>Mar 12, 2014 6:40:06 PM Selenium.ReadXmlFile &lt;init&gt;
INFO: @ReadXMLFile Constructor::loading *****Constants******
</system-err>
  </testcase>
  <testcase time="115.314" classname="Selenium.TestScenarios" name="test3"/>
</testsuite>